生成启动时间为 2018/1/5 11:05:49。
     1>项目“F:\project\C++\embedPython\ymyTypeTest\ymyTypeTest.vcxproj”在节点 2 上(Rebuild 个目标)。
     1>ClCompile:
         C:\Program Files (x86)\Microsoft Visual Studio 12.0\VC\bin\CL.exe /c /ZI /nologo /W3 /WX- /sdl /Od /Oy- /D WIN32 /D _DEBUG /D _CONSOLE /D _LIB /D _UNICODE /D UNICODE /Gm /EHsc /RTC1 /MDd /GS /fp:precise /Zc:wchar_t /Zc:forScope /Fo"Debug\\" /Fd"Debug\vc120.pdb" /Gd /TP /analyze- /errorReport:prompt myTypeTest.cpp
         myTypeTest.cpp
       Link:
         C:\Program Files (x86)\Microsoft Visual Studio 12.0\VC\bin\link.exe /ERRORREPORT:PROMPT /OUT:"F:\project\C++\embedPython\Debug\ymyTypeTest.exe" /INCREMENTAL /NOLOGO kernel32.lib user32.lib gdi32.lib winspool.lib comdlg32.lib advapi32.lib shell32.lib ole32.lib oleaut32.lib uuid.lib odbc32.lib odbccp32.lib /MANIFEST /MANIFESTUAC:"level='asInvoker' uiAccess='false'" /manifest:embed /DEBUG /PDB:"F:\project\C++\embedPython\Debug\ymyTypeTest.pdb" /SUBSYSTEM:CONSOLE /TLBID:1 /DYNAMICBASE /NXCOMPAT /IMPLIB:"F:\project\C++\embedPython\Debug\ymyTypeTest.lib" /MACHINE:X86 Debug\myTypeTest.obj
     1>myTypeTest.obj : error LNK2019: 无法解析的外部符号 __imp__PyRun_SimpleStringFlags，该符号在函数 _main 中被引用
     1>myTypeTest.obj : error LNK2019: 无法解析的外部符号 __imp__Py_Initialize，该符号在函数 _main 中被引用
     1>myTypeTest.obj : error LNK2019: 无法解析的外部符号 __imp__Py_Finalize，该符号在函数 _main 中被引用
     1>myTypeTest.obj : error LNK2019: 无法解析的外部符号 __imp__Py_IsInitialized，该符号在函数 _main 中被引用
     1>F:\project\C++\embedPython\Debug\ymyTypeTest.exe : fatal error LNK1120: 4 个无法解析的外部命令
     1>已完成生成项目“F:\project\C++\embedPython\ymyTypeTest\ymyTypeTest.vcxproj”(Rebuild 个目标)的操作 - 失败。

生成失败。

已用时间 00:00:01.41
