生成启动时间为 2018/1/26 11:15:32。
     1>项目“F:\project\C++\embedPython\embedPython\embedPython.vcxproj”在节点 2 上(Rebuild 个目标)。
     1>ClCompile:
         C:\Program Files (x86)\Microsoft Visual Studio 12.0\VC\bin\CL.exe /c /Zi /nologo /W3 /WX- /sdl /O2 /Oi /Oy- /GL /D WIN32 /D NDEBUG /D _CONSOLE /D _LIB /D _UNICODE /D UNICODE /Gm- /EHsc /MD /GS /Gy /fp:precise /Zc:wchar_t /Zc:forScope /Yc"stdafx.h" /Fp"Release\embedPython.pch" /Fo"Release\\" /Fd"Release\vc120.pdb" /Gd /TP /analyze- /errorReport:prompt stdafx.cpp
         stdafx.cpp
         C:\Program Files (x86)\Microsoft Visual Studio 12.0\VC\bin\CL.exe /c /Zi /nologo /W3 /WX- /sdl /O2 /Oi /Oy- /GL /D WIN32 /D NDEBUG /D _CONSOLE /D _LIB /D _UNICODE /D UNICODE /Gm- /EHsc /MD /GS /Gy /fp:precise /Zc:wchar_t /Zc:forScope /Yu"stdafx.h" /Fp"Release\embedPython.pch" /Fo"Release\\" /Fd"Release\vc120.pdb" /Gd /TP /analyze- /errorReport:prompt embedPython.cpp
         embedPython.cpp
       Link:
         C:\Program Files (x86)\Microsoft Visual Studio 12.0\VC\bin\link.exe /ERRORREPORT:PROMPT /OUT:"F:\project\C++\embedPython\Release\embedPython.exe" /INCREMENTAL:NO /NOLOGO kernel32.lib user32.lib gdi32.lib winspool.lib comdlg32.lib advapi32.lib shell32.lib ole32.lib oleaut32.lib uuid.lib odbc32.lib odbccp32.lib /MANIFEST /MANIFESTUAC:"level='asInvoker' uiAccess='false'" /manifest:embed /DEBUG /PDB:"F:\project\C++\embedPython\Release\embedPython.pdb" /SUBSYSTEM:CONSOLE /OPT:REF /OPT:ICF /LTCG /TLBID:1 /DYNAMICBASE /NXCOMPAT /IMPLIB:"F:\project\C++\embedPython\Release\embedPython.lib" /MACHINE:X86 /SAFESEH Release\embedPython.obj
         Release\stdafx.obj
     1>embedPython.obj : error LNK2001: 无法解析的外部符号 __imp__PyTuple_New
     1>embedPython.obj : error LNK2001: 无法解析的外部符号 __imp__PyTuple_SetItem
     1>embedPython.obj : error LNK2001: 无法解析的外部符号 __imp__PyLong_FromLong
     1>embedPython.obj : error LNK2001: 无法解析的外部符号 __imp__Py_Initialize
     1>embedPython.obj : error LNK2001: 无法解析的外部符号 __imp__Py_Finalize
     1>F:\project\C++\embedPython\Release\embedPython.exe : fatal error LNK1120: 5 个无法解析的外部命令
     1>已完成生成项目“F:\project\C++\embedPython\embedPython\embedPython.vcxproj”(Rebuild 个目标)的操作 - 失败。

生成失败。

已用时间 00:00:01.08
