生成启动时间为 2018/1/5 11:00:46。
     1>项目“F:\project\C++\embedPython\embedPython\embedPython.vcxproj”在节点 3 上(Rebuild 个目标)。
     1>ClCompile:
         C:\Program Files (x86)\Microsoft Visual Studio 12.0\VC\bin\CL.exe /c /ZI /nologo /W3 /WX- /sdl /Od /Oy- /D WIN32 /D _DEBUG /D _CONSOLE /D _LIB /D _UNICODE /D UNICODE /Gm /EHsc /RTC1 /MDd /GS /fp:precise /Zc:wchar_t /Zc:forScope /Yc"stdafx.h" /Fp"Debug\embedPython.pch" /Fo"Debug\\" /Fd"Debug\vc120.pdb" /Gd /TP /analyze- /errorReport:prompt stdafx.cpp
         stdafx.cpp
         C:\Program Files (x86)\Microsoft Visual Studio 12.0\VC\bin\CL.exe /c /ZI /nologo /W3 /WX- /sdl /Od /Oy- /D WIN32 /D _DEBUG /D _CONSOLE /D _LIB /D _UNICODE /D UNICODE /Gm /EHsc /RTC1 /MDd /GS /fp:precise /Zc:wchar_t /Zc:forScope /Yu"stdafx.h" /Fp"Debug\embedPython.pch" /Fo"Debug\\" /Fd"Debug\vc120.pdb" /Gd /TP /analyze- /errorReport:prompt embedPython.cpp
         embedPython.cpp
       Link:
         C:\Program Files (x86)\Microsoft Visual Studio 12.0\VC\bin\link.exe /ERRORREPORT:PROMPT /OUT:"F:\project\C++\embedPython\Debug\embedPython.exe" /INCREMENTAL /NOLOGO kernel32.lib user32.lib gdi32.lib winspool.lib comdlg32.lib advapi32.lib shell32.lib ole32.lib oleaut32.lib uuid.lib odbc32.lib odbccp32.lib /MANIFEST /MANIFESTUAC:"level='asInvoker' uiAccess='false'" /manifest:embed /DEBUG /PDB:"F:\project\C++\embedPython\Debug\embedPython.pdb" /SUBSYSTEM:CONSOLE /TLBID:1 /DYNAMICBASE /NXCOMPAT /IMPLIB:"F:\project\C++\embedPython\Debug\embedPython.lib" /MACHINE:X86 Debug\embedPython.obj
         Debug\stdafx.obj
     1>embedPython.obj : error LNK2019: 无法解析的外部符号 __imp__PyObject_Print，该符号在函数 "void __cdecl bug(struct _object *)" (?bug@@YAXPAU_object@@@Z) 中被引用
     1>embedPython.obj : error LNK2019: 无法解析的外部符号 __imp__PyLong_FromLong，该符号在函数 "void __cdecl bug(struct _object *)" (?bug@@YAXPAU_object@@@Z) 中被引用
     1>embedPython.obj : error LNK2019: 无法解析的外部符号 __imp__PyList_GetItem，该符号在函数 "void __cdecl bug(struct _object *)" (?bug@@YAXPAU_object@@@Z) 中被引用
     1>embedPython.obj : error LNK2019: 无法解析的外部符号 __imp__PyList_SetItem，该符号在函数 "void __cdecl bug(struct _object *)" (?bug@@YAXPAU_object@@@Z) 中被引用
     1>embedPython.obj : error LNK2019: 无法解析的外部符号 __imp__Py_BuildValue，该符号在函数 _wmain 中被引用
     1>embedPython.obj : error LNK2019: 无法解析的外部符号 __imp__Py_Initialize，该符号在函数 _wmain 中被引用
     1>F:\project\C++\embedPython\Debug\embedPython.exe : fatal error LNK1120: 6 个无法解析的外部命令
     1>已完成生成项目“F:\project\C++\embedPython\embedPython\embedPython.vcxproj”(Rebuild 个目标)的操作 - 失败。

生成失败。

已用时间 00:00:03.84
