生成启动时间为 2018/1/5 11:00:46。
     1>项目“F:\project\C++\embedPython\ConsoleApplication1\ConsoleApplication1.vcxproj”在节点 2 上(Rebuild 个目标)。
     1>ClCompile:
         C:\Program Files (x86)\Microsoft Visual Studio 12.0\VC\bin\CL.exe /c /ZI /nologo /W3 /WX- /sdl /Od /Oy- /D WIN32 /D _DEBUG /D _CONSOLE /D _LIB /D _UNICODE /D UNICODE /Gm /EHsc /RTC1 /MDd /GS /fp:precise /Zc:wchar_t /Zc:forScope /Fo"Debug\\" /Fd"Debug\vc120.pdb" /Gd /TP /analyze- /errorReport:prompt "源.cpp"
         源.cpp
     1>f:\project\c++\embedpython\consoleapplication1\源.cpp(124): warning C4101: “tuple”: 未引用的局部变量
       Link:
         C:\Program Files (x86)\Microsoft Visual Studio 12.0\VC\bin\link.exe /ERRORREPORT:PROMPT /OUT:"F:\project\C++\embedPython\Debug\ConsoleApplication1.exe" /INCREMENTAL /NOLOGO kernel32.lib user32.lib gdi32.lib winspool.lib comdlg32.lib advapi32.lib shell32.lib ole32.lib oleaut32.lib uuid.lib odbc32.lib odbccp32.lib /MANIFEST /MANIFESTUAC:"level='asInvoker' uiAccess='false'" /manifest:embed /DEBUG /PDB:"F:\project\C++\embedPython\Debug\ConsoleApplication1.pdb" /SUBSYSTEM:CONSOLE /TLBID:1 /DYNAMICBASE /NXCOMPAT /IMPLIB:"F:\project\C++\embedPython\Debug\ConsoleApplication1.lib" /MACHINE:X86 "Debug\源.obj"
     1>源.obj : error LNK2019: 无法解析的外部符号 __imp__PyObject_Str，该符号在函数 _main 中被引用
     1>源.obj : error LNK2019: 无法解析的外部符号 __imp__PyObject_GetAttrString，该符号在函数 _main 中被引用
     1>源.obj : error LNK2019: 无法解析的外部符号 __imp__PyCallable_Check，该符号在函数 _main 中被引用
     1>源.obj : error LNK2019: 无法解析的外部符号 __imp__PyUnicode_AsUTF8，该符号在函数 _main 中被引用
     1>源.obj : error LNK2019: 无法解析的外部符号 __imp__Py_BuildValue，该符号在函数 _main 中被引用
     1>源.obj : error LNK2019: 无法解析的外部符号 __imp__Py_Initialize，该符号在函数 _main 中被引用
     1>源.obj : error LNK2019: 无法解析的外部符号 __imp__Py_Finalize，该符号在函数 _main 中被引用
     1>源.obj : error LNK2019: 无法解析的外部符号 __imp__Py_IsInitialized，该符号在函数 _main 中被引用
     1>源.obj : error LNK2019: 无法解析的外部符号 __imp__PyImport_ImportModule，该符号在函数 _main 中被引用
     1>源.obj : error LNK2019: 无法解析的外部符号 __imp__PyObject_CallObject，该符号在函数 _main 中被引用
     1>F:\project\C++\embedPython\Debug\ConsoleApplication1.exe : fatal error LNK1120: 10 个无法解析的外部命令
     1>已完成生成项目“F:\project\C++\embedPython\ConsoleApplication1\ConsoleApplication1.vcxproj”(Rebuild 个目标)的操作 - 失败。

生成失败。

已用时间 00:00:05.17
